exp324jd, jia data dic, qu dian, new patterns,template_try4_3
CRF++: Yet Another CRF Tool Kit
Copyright (C) 2005-2013 Taku Kudo, All rights reserved.

reading training data: 100.. 200.. 300.. 400.. 500.. 600.. 700.. 800.. 900.. 1000.. 1100.. 1200.. 1300.. 1400.. 1500.. 1600.. 1700.. 1800.. 1900.. 2000.. 2100.. 2200.. 2300.. 2400.. 2500.. 2600.. 2700.. 2800.. 2900.. 3000.. 3100.. 3200.. 3300.. 3400.. 3500.. 3600.. 3700.. 3800.. 3900.. 4000.. 4100.. 4200.. 4300.. 4400.. 4500.. 4600.. 4700.. 4800.. 4900.. 5000.. 5100.. 5200.. 5300.. 5400.. 5500.. 5600.. 5700.. 5800.. 5900.. 6000.. 6100.. 6200.. 6300.. 6400.. 6500.. 6600.. 6700.. 6800.. 6900.. 7000.. 7100.. 7200.. 7300.. 7400.. 7500.. 7600.. 7700.. 7800.. 7900.. 8000.. 8100.. 8200.. 8300.. 8400.. 8500.. 8600.. 8700.. 8800.. 8900.. 9000.. 9100.. 9200.. 9300.. 9400.. 9500.. 9600.. 9700.. 9800.. 9900.. 10000.. 10100.. 10200.. 10300.. 10400.. 10500.. 10600.. 10700.. 10800.. 10900.. 11000.. 11100.. 11200.. 11300.. 11400.. 11500.. 11600.. 11700.. 11800.. 11900.. 12000.. 12100.. 12200.. 12300.. 12400.. 12500.. 12600.. 12700.. 12800.. 12900.. 13000.. 13100.. 13200.. 13300.. 13400.. 13500.. 13600.. 13700.. 13800.. 13900.. 14000.. 14100.. 14200.. 14300.. 14400.. 14500.. 14600.. 14700.. 14800.. 14900.. 15000.. 15100.. 15200.. 15300.. 15400.. 15500.. 15600.. 15700.. 15800.. 15900.. 16000.. 16100.. 16200.. 16300.. 16400.. 16500.. 16600.. 16700.. 16800.. 16900.. 17000.. 17100.. 17200.. 17300.. 17400.. 17500.. 17600.. 17700.. 17800.. 17900.. 18000.. 18100.. 18200.. 18300.. 18400.. 18500.. 18600.. 18700.. 18800.. 18900.. 19000.. 19100.. 19200.. 19300.. 19400.. 19500.. 19600.. 19700.. 19800.. 19900.. 20000.. 20100.. 20200.. 20300.. 20400.. 20500.. 20600.. 20700.. 20800.. 20900.. 21000.. 21100.. 21200.. 21300.. 21400.. 21500.. 21600.. 21700.. 21800.. 21900.. 22000.. 22100.. 22200.. 22300.. 22400.. 22500.. 22600.. 22700.. 22800.. 22900.. 23000.. 23100.. 23200.. 23300.. 23400.. 23500.. 23600.. 23700.. 23800.. 23900.. 24000.. 24100.. 24200.. 24300.. 24400.. 24500.. 24600.. 24700.. 24800.. 24900.. 25000.. 25100.. 25200.. 25300.. 25400.. 25500.. 25600.. 25700.. 25800.. 25900.. 26000.. 26100.. 26200.. 26300.. 26400.. 26500.. 26600.. 26700.. 26800.. 26900.. 27000.. 27100.. 27200.. 27300.. 27400.. 27500.. 27600.. 27700.. 27800.. 27900.. 28000.. 28100.. 28200.. 28300.. 28400.. 28500.. 28600.. 28700.. 28800.. 28900.. 29000.. 29100.. 29200.. 29300.. 29400.. 29500.. 29600.. 29700.. 29800.. 29900.. 30000.. 30100.. 30200.. 30300.. 30400.. 30500.. 30600.. 30700.. 30800.. 30900.. 31000.. 31100.. 31200.. 31300.. 31400.. 31500.. 31600.. 31700.. 31800.. 31900.. 32000.. 32100.. 32200.. 32300.. 32400.. 32500.. 32600.. 32700.. 32800.. 32900.. 33000.. 33100.. 33200.. 33300.. 33400.. 33500.. 33600.. 33700.. 33800.. 33900.. 34000.. 34100.. 34200.. 34300.. 34400.. 34500.. 34600.. 34700.. 34800.. 34900.. 35000.. 35100.. 35200.. 35300.. 35400.. 35500.. 35600.. 35700.. 35800.. 35900.. 36000.. 36100.. 36200.. 36300.. 36400.. 36500.. 36600.. 36700.. 36800.. 36900.. 37000.. 37100.. 37200.. 37300.. 37400.. 37500.. 37600.. 37700.. 37800.. 37900.. 38000.. 38100.. 38200.. 38300.. 38400.. 38500.. 38600.. 38700.. 38800.. 38900.. 39000.. 39100.. 39200.. 39300.. 39400.. 39500.. 39600.. 39700.. 39800.. 39900.. 40000.. 40100.. 40200.. 40300.. 40400.. 40500.. 40600.. 40700.. 40800.. 40900.. 41000.. 41100.. 41200.. 41300.. 41400.. 41500.. 41600.. 41700.. 41800.. 41900.. 42000.. 42100.. 42200.. 42300.. 42400.. 42500.. 42600.. 42700.. 42800.. 42900.. 43000.. 43100.. 43200.. 43300.. 43400.. 43500.. 43600.. 43700.. 43800.. 43900.. 44000.. 44100.. 44200.. 44300.. 44400.. 44500.. 44600.. 44700.. 44800.. 44900.. 45000.. 45100.. 45200.. 45300.. 45400.. 45500.. 45600.. 45700.. 45800.. 45900.. 46000.. 46100.. 46200.. 46300.. 46400.. 46500.. 46600.. 46700.. 46800.. 46900.. 47000.. 47100.. 47200.. 47300.. 47400.. 47500.. 47600.. 47700.. 47800.. 47900.. 48000.. 48100.. 48200.. 48300.. 48400.. 48500.. 48600.. 48700.. 48800.. 48900.. 49000.. 49100.. 49200.. 49300.. 49400.. 49500.. 49600.. 49700.. 49800.. 49900.. 50000.. 50100.. 50200.. 50300.. 50400.. 50500.. 50600.. 50700.. 50800.. 50900.. 51000.. 51100.. 51200.. 51300.. 51400.. 51500.. 51600.. 51700.. 51800.. 51900.. 52000.. 52100.. 52200.. 52300.. 52400.. 52500.. 52600.. 52700.. 52800.. 52900.. 53000.. 53100.. 53200.. 53300.. 53400.. 53500.. 53600.. 53700.. 53800.. 53900.. 54000.. 54100.. 54200.. 54300.. 54400.. 54500.. 54600.. 54700.. 54800.. 54900.. 55000.. 55100.. 55200.. 55300.. 55400.. 55500.. 55600.. 55700.. 55800.. 55900.. 56000.. 56100.. 56200.. 56300.. 56400.. 56500.. 56600.. 56700.. 56800.. 56900.. 57000.. 57100.. 57200.. 57300.. 57400.. 57500.. 57600.. 57700.. 57800.. 57900.. 58000.. 58100.. 58200.. 58300.. 58400.. 58500.. 58600.. 58700.. 58800.. 58900.. 59000.. 59100.. 59200.. 59300.. 59400.. 59500.. 59600.. 59700.. 59800.. 59900.. 60000.. 60100.. 60200.. 60300.. 60400.. 60500.. 60600.. 60700.. 60800.. 60900.. 61000.. 61100.. 61200.. 61300.. 61400.. 61500.. 61600.. 61700.. 61800.. 61900.. 62000.. 62100.. 62200.. 62300.. 62400.. 62500.. 62600.. 62700.. 62800.. 62900.. 63000.. 63100.. 63200.. 63300.. 63400.. 63500.. 63600.. 63700.. 63800.. 63900.. 64000.. 64100.. 64200.. 64300.. 64400.. 64500.. 64600.. 64700.. 64800.. 64900.. 65000.. 65100.. 65200.. 65300.. 65400.. 65500.. 65600.. 65700.. 65800.. 65900.. 66000.. 66100.. 66200.. 66300.. 66400.. 66500.. 66600.. 66700.. 66800.. 66900.. 67000.. 67100.. 67200.. 67300.. 67400.. 67500.. 67600.. 67700.. 67800.. 67900.. 68000.. 68100.. 68200.. 68300.. 68400.. 68500.. 68600.. 68700.. 68800.. 68900.. 69000.. 69100.. 69200.. 69300.. 69400.. 69500.. 69600.. 69700.. 69800.. 69900.. 70000.. 70100.. 70200.. 70300.. 70400.. 70500.. 70600.. 70700.. 70800.. 
Done!45.46 s

Number of sentences: 70883
Number of features:  6441491
Number of thread(s): 20
Freq:                4
eta:                 0.00010
C:                   101.00000
shrinking size:      20
iter=0 terr=0.99814 serr=1.00000 act=6441491 obj=2557995.71495 diff=1.00000
iter=1 terr=0.07224 serr=0.18903 act=6441491 obj=364045.30955 diff=0.85768
iter=2 terr=0.07224 serr=0.18903 act=6441491 obj=348651.85881 diff=0.04228
iter=3 terr=0.07224 serr=0.18903 act=6441491 obj=296505.93052 diff=0.14956
iter=4 terr=0.40572 serr=0.57962 act=6441491 obj=614571.28301 diff=1.07271
iter=5 terr=0.07224 serr=0.18903 act=6441491 obj=264658.23921 diff=0.56936
iter=6 terr=0.05822 serr=0.19156 act=6441491 obj=240052.08263 diff=0.09297
iter=7 terr=0.06053 serr=0.18985 act=6441491 obj=207563.62796 diff=0.13534
iter=8 terr=0.05556 serr=0.19332 act=6441491 obj=193261.10304 diff=0.06891
iter=9 terr=0.05016 serr=0.18428 act=6441491 obj=174465.04867 diff=0.09726
iter=10 terr=0.04298 serr=0.15526 act=6441491 obj=148493.05347 diff=0.14887
iter=11 terr=0.04313 serr=0.16458 act=6441491 obj=136757.98234 diff=0.07903
iter=12 terr=0.04227 serr=0.15550 act=6441491 obj=130249.91987 diff=0.04759
iter=13 terr=0.03989 serr=0.14855 act=6441491 obj=119189.97189 diff=0.08491
iter=14 terr=0.04506 serr=0.15908 act=6441491 obj=116906.39886 diff=0.01916
iter=15 terr=0.03626 serr=0.13734 act=6441491 obj=108976.35555 diff=0.06783
iter=16 terr=0.03659 serr=0.14016 act=6441491 obj=106056.47614 diff=0.02679
iter=17 terr=0.03707 serr=0.14429 act=6441491 obj=103588.85607 diff=0.02327
iter=18 terr=0.03686 serr=0.14418 act=6441491 obj=99298.39211 diff=0.04142
iter=19 terr=0.03369 serr=0.13326 act=6441491 obj=89674.53077 diff=0.09692
iter=20 terr=0.03104 serr=0.11811 act=6441491 obj=78952.89948 diff=0.11956
iter=21 terr=0.02849 serr=0.11114 act=6441491 obj=70830.49922 diff=0.10288
iter=22 terr=0.02748 serr=0.10757 act=6441491 obj=68507.37633 diff=0.03280
iter=23 terr=0.02593 serr=0.10117 act=6441491 obj=63982.17792 diff=0.06605
iter=24 terr=0.02568 serr=0.10131 act=6441491 obj=61502.43270 diff=0.03876
iter=25 terr=0.02462 serr=0.09877 act=6441491 obj=56616.47486 diff=0.07944
iter=26 terr=0.02407 serr=0.09712 act=6441491 obj=53723.39587 diff=0.05110
iter=27 terr=0.02787 serr=0.09653 act=6441491 obj=54358.46626 diff=0.01182
iter=28 terr=0.02389 serr=0.09375 act=6441491 obj=51731.91127 diff=0.04832
iter=29 terr=0.02192 serr=0.08820 act=6441491 obj=49735.00186 diff=0.03860
iter=30 terr=0.02098 serr=0.08678 act=6441491 obj=48245.42918 diff=0.02995
iter=31 terr=0.01988 serr=0.08373 act=6441491 obj=46182.57001 diff=0.04276
iter=32 terr=0.01806 serr=0.07823 act=6441491 obj=42603.53252 diff=0.07750
iter=33 terr=0.01803 serr=0.07741 act=6441491 obj=40486.65095 diff=0.04969
iter=34 terr=0.01649 serr=0.07361 act=6441491 obj=37976.79924 diff=0.06199
iter=35 terr=0.01552 serr=0.06969 act=6441491 obj=36904.59152 diff=0.02823
iter=36 terr=0.01497 serr=0.06814 act=6441491 obj=35977.24674 diff=0.02513
iter=37 terr=0.01454 serr=0.06471 act=6441491 obj=34343.30648 diff=0.04542
iter=38 terr=0.01379 serr=0.06265 act=6441491 obj=32868.12473 diff=0.04295
iter=39 terr=0.01308 serr=0.05828 act=6441491 obj=30873.02820 diff=0.06070
iter=40 terr=0.01236 serr=0.05776 act=6441491 obj=29934.18615 diff=0.03041
iter=41 terr=0.01188 serr=0.05654 act=6441491 obj=28908.59816 diff=0.03426
iter=42 terr=0.01195 serr=0.05540 act=6441491 obj=27685.01298 diff=0.04233
iter=43 terr=0.01114 serr=0.05333 act=6441491 obj=26543.90472 diff=0.04122
iter=44 terr=0.01067 serr=0.05193 act=6441491 obj=25396.03603 diff=0.04324
iter=45 terr=0.00987 serr=0.04873 act=6441491 obj=23708.45201 diff=0.06645
iter=46 terr=0.02001 serr=0.07919 act=6441491 obj=34499.61620 diff=0.45516
iter=47 terr=0.01015 serr=0.04981 act=6441491 obj=23247.21563 diff=0.32616
iter=48 terr=0.00971 serr=0.04761 act=6441491 obj=22342.49202 diff=0.03892
iter=49 terr=0.00939 serr=0.04579 act=6441491 obj=21648.85721 diff=0.03105
iter=50 terr=0.00921 serr=0.04481 act=6441491 obj=21125.14474 diff=0.02419
iter=51 terr=0.00867 serr=0.04324 act=6441491 obj=20264.69802 diff=0.04073
iter=52 terr=0.00824 serr=0.04158 act=6441491 obj=19014.08976 diff=0.06171
iter=53 terr=0.01005 serr=0.04609 act=6441491 obj=21105.98977 diff=0.11002
iter=54 terr=0.00838 serr=0.04135 act=6441491 obj=18694.78304 diff=0.11424
iter=55 terr=0.00784 serr=0.03990 act=6441491 obj=17841.45933 diff=0.04565
iter=56 terr=0.00767 serr=0.03890 act=6441491 obj=17510.95695 diff=0.01852
iter=57 terr=0.00751 serr=0.03812 act=6441491 obj=17130.74087 diff=0.02171
iter=58 terr=0.00733 serr=0.03720 act=6441491 obj=16453.70492 diff=0.03952
iter=59 terr=0.00696 serr=0.03566 act=6441491 obj=15668.77067 diff=0.04771
iter=60 terr=0.00708 serr=0.03541 act=6441491 obj=15157.00180 diff=0.03266
iter=61 terr=0.00680 serr=0.03492 act=6441491 obj=14957.45852 diff=0.01317
iter=62 terr=0.00675 serr=0.03445 act=6441491 obj=14734.77676 diff=0.01489
iter=63 terr=0.00681 serr=0.03463 act=6441491 obj=14624.60192 diff=0.00748
iter=64 terr=0.00676 serr=0.03465 act=6441491 obj=14258.74537 diff=0.02502
iter=65 terr=0.00670 serr=0.03442 act=6441491 obj=13954.32186 diff=0.02135
iter=66 terr=0.00635 serr=0.03296 act=6441491 obj=13367.81173 diff=0.04203
iter=67 terr=0.00660 serr=0.03352 act=6441491 obj=13160.07694 diff=0.01554
iter=68 terr=0.00601 serr=0.03173 act=6441491 obj=12907.36580 diff=0.01920
iter=69 terr=0.00596 serr=0.03147 act=6441491 obj=12675.50051 diff=0.01796
iter=70 terr=0.00583 serr=0.03091 act=6441491 obj=12584.42196 diff=0.00719
iter=71 terr=0.00574 serr=0.03006 act=6441491 obj=12403.32243 diff=0.01439
iter=72 terr=0.00568 serr=0.02964 act=6441491 obj=12029.28365 diff=0.03016
iter=73 terr=0.00562 serr=0.02947 act=6441491 obj=11448.75516 diff=0.04826
iter=74 terr=0.00533 serr=0.02824 act=6441491 obj=10855.04824 diff=0.05186
iter=75 terr=0.00577 serr=0.02974 act=6441491 obj=10844.64787 diff=0.00096
iter=76 terr=0.00533 serr=0.02819 act=6441491 obj=10448.17173 diff=0.03656
iter=77 terr=0.00520 serr=0.02774 act=6441491 obj=10342.32090 diff=0.01013
iter=78 terr=0.00504 serr=0.02716 act=6441491 obj=10240.54611 diff=0.00984
iter=79 terr=0.00485 serr=0.02637 act=6441491 obj=10043.65060 diff=0.01923
iter=80 terr=0.00470 serr=0.02575 act=6441491 obj=9635.00747 diff=0.04069
iter=81 terr=0.00468 serr=0.02452 act=6441491 obj=9448.90258 diff=0.01932
iter=82 terr=0.00426 serr=0.02345 act=6441491 obj=9070.87278 diff=0.04001
iter=83 terr=0.00421 serr=0.02309 act=6441491 obj=8896.43604 diff=0.01923
iter=84 terr=0.00414 serr=0.02254 act=6441491 obj=8559.85045 diff=0.03783
iter=85 terr=0.00493 serr=0.02630 act=6441491 obj=8941.75366 diff=0.04462
iter=86 terr=0.00419 serr=0.02314 act=6441491 obj=8436.01911 diff=0.05656
iter=87 terr=0.00406 serr=0.02252 act=6441491 obj=8293.33780 diff=0.01691
iter=88 terr=0.00389 serr=0.02161 act=6441491 obj=8117.00338 diff=0.02126
iter=89 terr=0.00377 serr=0.02108 act=6441491 obj=7901.25186 diff=0.02658
iter=90 terr=0.00363 serr=0.02026 act=6441491 obj=7565.29070 diff=0.04252
iter=91 terr=0.00356 serr=0.01991 act=6441491 obj=7411.46145 diff=0.02033
iter=92 terr=0.00354 serr=0.01995 act=6441491 obj=7199.73673 diff=0.02857
iter=93 terr=0.00347 serr=0.01957 act=6441491 obj=7101.61742 diff=0.01363
iter=94 terr=0.00328 serr=0.01845 act=6441491 obj=6789.88920 diff=0.04390
iter=95 terr=0.00307 serr=0.01751 act=6441491 obj=6507.48007 diff=0.04159
iter=96 terr=0.00306 serr=0.01751 act=6441491 obj=6234.08627 diff=0.04201
iter=97 terr=0.00304 serr=0.01703 act=6441491 obj=6126.85710 diff=0.01720
iter=98 terr=0.00295 serr=0.01686 act=6441491 obj=5885.28611 diff=0.03943
iter=99 terr=0.00286 serr=0.01639 act=6441491 obj=5773.04476 diff=0.01907
iter=100 terr=0.00283 serr=0.01631 act=6441491 obj=5698.57962 diff=0.01290
iter=101 terr=0.00289 serr=0.01596 act=6441491 obj=5583.82592 diff=0.02014
iter=102 terr=0.00262 serr=0.01512 act=6441491 obj=5375.31290 diff=0.03734
iter=103 terr=0.00257 serr=0.01498 act=6441491 obj=5314.30797 diff=0.01135
iter=104 terr=0.00253 serr=0.01473 act=6441491 obj=5210.93687 diff=0.01945
iter=105 terr=0.00249 serr=0.01455 act=6441491 obj=5112.57881 diff=0.01888
iter=106 terr=0.00259 serr=0.01511 act=6441491 obj=5043.20141 diff=0.01357
iter=107 terr=0.00240 serr=0.01436 act=6441491 obj=4898.23630 diff=0.02874
iter=108 terr=0.00231 serr=0.01381 act=6441491 obj=4752.68266 diff=0.02972
iter=109 terr=0.00228 serr=0.01364 act=6441491 obj=4675.96444 diff=0.01614
iter=110 terr=0.00225 serr=0.01353 act=6441491 obj=4573.08881 diff=0.02200
iter=111 terr=0.00238 serr=0.01378 act=6441491 obj=4529.68804 diff=0.00949
iter=112 terr=0.00218 serr=0.01306 act=6441491 obj=4388.81007 diff=0.03110
iter=113 terr=0.00210 serr=0.01273 act=6441491 obj=4315.69561 diff=0.01666
iter=114 terr=0.00201 serr=0.01223 act=6441491 obj=4230.95667 diff=0.01964
iter=115 terr=0.00199 serr=0.01201 act=6441491 obj=4148.00366 diff=0.01961
iter=116 terr=0.00185 serr=0.01136 act=6441491 obj=4047.70044 diff=0.02418
iter=117 terr=0.00185 serr=0.01137 act=6441491 obj=3804.01654 diff=0.06020
iter=118 terr=0.00181 serr=0.01122 act=6441491 obj=3751.41187 diff=0.01383
iter=119 terr=0.00179 serr=0.01102 act=6441491 obj=3689.36249 diff=0.01654
iter=120 terr=0.00215 serr=0.01219 act=6441491 obj=3753.90787 diff=0.01749
iter=121 terr=0.00180 serr=0.01110 act=6441491 obj=3626.92651 diff=0.03383
iter=122 terr=0.00172 serr=0.01071 act=6441491 obj=3518.50734 diff=0.02989
iter=123 terr=0.00161 serr=0.01006 act=6441491 obj=3284.28814 diff=0.06657
iter=124 terr=0.00156 serr=0.00980 act=6441491 obj=3149.25373 diff=0.04112
iter=125 terr=0.00152 serr=0.00951 act=6441491 obj=3027.79721 diff=0.03857
iter=126 terr=0.00157 serr=0.00931 act=6441491 obj=2873.75276 diff=0.05088
iter=127 terr=0.00148 serr=0.00894 act=6441491 obj=2951.33944 diff=0.02700
iter=128 terr=0.00143 serr=0.00882 act=6441491 obj=2786.91059 diff=0.05571
iter=129 terr=0.00132 serr=0.00844 act=6441491 obj=2698.80504 diff=0.03161
iter=130 terr=0.00129 serr=0.00830 act=6441491 obj=2666.30732 diff=0.01204
iter=131 terr=0.00126 serr=0.00832 act=6441491 obj=2591.95526 diff=0.02789
iter=132 terr=0.00120 serr=0.00803 act=6441491 obj=2466.15028 diff=0.04854
iter=133 terr=0.00117 serr=0.00775 act=6441491 obj=2359.98501 diff=0.04305
iter=134 terr=0.00123 serr=0.00775 act=6441491 obj=2286.52474 diff=0.03113
iter=135 terr=0.00117 serr=0.00741 act=6441491 obj=2225.73292 diff=0.02659
iter=136 terr=0.00113 serr=0.00721 act=6441491 obj=2147.66992 diff=0.03507
iter=137 terr=0.00108 serr=0.00690 act=6441491 obj=2074.80669 diff=0.03393
iter=138 terr=0.00101 serr=0.00662 act=6441491 obj=1974.75165 diff=0.04822
iter=139 terr=0.00112 serr=0.00673 act=6441491 obj=1927.81600 diff=0.02377
iter=140 terr=0.00092 serr=0.00614 act=6441491 obj=1819.51881 diff=0.05618
iter=141 terr=0.00091 serr=0.00602 act=6441491 obj=1792.15280 diff=0.01504
iter=142 terr=0.00085 serr=0.00566 act=6441491 obj=1742.95258 diff=0.02745
iter=143 terr=0.00085 serr=0.00547 act=6441491 obj=1725.20822 diff=0.01018
iter=144 terr=0.00080 serr=0.00535 act=6441491 obj=1638.70790 diff=0.05014
iter=145 terr=0.00077 serr=0.00532 act=6441491 obj=1591.61137 diff=0.02874
iter=146 terr=0.00071 serr=0.00498 act=6441491 obj=1523.73199 diff=0.04265
iter=147 terr=0.00068 serr=0.00468 act=6441491 obj=1437.45536 diff=0.05662
iter=148 terr=0.00067 serr=0.00442 act=6441491 obj=1364.95970 diff=0.05043
iter=149 terr=0.00060 serr=0.00411 act=6441491 obj=1321.33016 diff=0.03196
iter=150 terr=0.00061 serr=0.00399 act=6441491 obj=1267.62271 diff=0.04065
iter=151 terr=0.00055 serr=0.00387 act=6441491 obj=1230.66230 diff=0.02916
iter=152 terr=0.00054 serr=0.00382 act=6441491 obj=1210.97227 diff=0.01600
iter=153 terr=0.00054 serr=0.00375 act=6441491 obj=1186.13830 diff=0.02051
iter=154 terr=0.00050 serr=0.00356 act=6441491 obj=1139.98874 diff=0.03891
iter=155 terr=0.00048 serr=0.00337 act=6441491 obj=1071.32566 diff=0.06023
iter=156 terr=0.00046 serr=0.00319 act=6441491 obj=1060.63074 diff=0.00998
iter=157 terr=0.00045 serr=0.00306 act=6441491 obj=1024.84410 diff=0.03374
iter=158 terr=0.00043 serr=0.00302 act=6441491 obj=994.47434 diff=0.02963
iter=159 terr=0.00043 serr=0.00305 act=6441491 obj=975.50023 diff=0.01908
iter=160 terr=0.00042 serr=0.00289 act=6441491 obj=946.28829 diff=0.02995
iter=161 terr=0.00043 serr=0.00291 act=6441491 obj=936.80106 diff=0.01003
iter=162 terr=0.00041 serr=0.00288 act=6441491 obj=916.61410 diff=0.02155
iter=163 terr=0.00040 serr=0.00284 act=6441491 obj=894.08693 diff=0.02458
iter=164 terr=0.00041 serr=0.00289 act=6441491 obj=837.67899 diff=0.06309
iter=165 terr=0.00036 serr=0.00257 act=6441491 obj=790.08339 diff=0.05682
iter=166 terr=0.00031 serr=0.00229 act=6441491 obj=769.76508 diff=0.02572
iter=167 terr=0.00033 serr=0.00236 act=6441491 obj=748.48214 diff=0.02765
iter=168 terr=0.00032 serr=0.00226 act=6441491 obj=713.74925 diff=0.04640
iter=169 terr=0.00028 serr=0.00214 act=6441491 obj=685.89112 diff=0.03903
iter=170 terr=0.00025 serr=0.00193 act=6441491 obj=639.01222 diff=0.06835
iter=171 terr=0.00023 serr=0.00164 act=6441491 obj=596.74537 diff=0.06614
iter=172 terr=0.00028 serr=0.00183 act=6441491 obj=600.48682 diff=0.00627
iter=173 terr=0.00023 serr=0.00161 act=6441491 obj=584.98575 diff=0.02581
iter=174 terr=0.00021 serr=0.00155 act=6441491 obj=567.64549 diff=0.02964
iter=175 terr=0.00020 serr=0.00155 act=6441491 obj=548.46239 diff=0.03379
iter=176 terr=0.00020 serr=0.00148 act=6441491 obj=534.58274 diff=0.02531
iter=177 terr=0.00016 serr=0.00120 act=6441491 obj=512.14646 diff=0.04197
iter=178 terr=0.00019 serr=0.00119 act=6441491 obj=487.21913 diff=0.04867
iter=179 terr=0.00015 serr=0.00111 act=6441491 obj=469.86607 diff=0.03562
iter=180 terr=0.00014 serr=0.00099 act=6441491 obj=447.08770 diff=0.04848
iter=181 terr=0.00011 serr=0.00086 act=6441491 obj=427.42217 diff=0.04399
iter=182 terr=0.00011 serr=0.00079 act=6441491 obj=412.65187 diff=0.03456
iter=183 terr=0.00011 serr=0.00079 act=6441491 obj=397.24760 diff=0.03733
iter=184 terr=0.00010 serr=0.00073 act=6441491 obj=382.23267 diff=0.03780
iter=185 terr=0.00008 serr=0.00062 act=6441491 obj=373.64595 diff=0.02246
iter=186 terr=0.00008 serr=0.00061 act=6441491 obj=364.04629 diff=0.02569
iter=187 terr=0.00007 serr=0.00052 act=6441491 obj=358.43048 diff=0.01543
iter=188 terr=0.00006 serr=0.00048 act=6441491 obj=347.11952 diff=0.03156
iter=189 terr=0.00006 serr=0.00047 act=6441491 obj=352.56741 diff=0.01569
iter=190 terr=0.00007 serr=0.00051 act=6441491 obj=341.29141 diff=0.03198
iter=191 terr=0.00006 serr=0.00045 act=6441491 obj=332.34456 diff=0.02621
iter=192 terr=0.00006 serr=0.00047 act=6441491 obj=322.46773 diff=0.02972
iter=193 terr=0.00006 serr=0.00044 act=6441491 obj=317.99447 diff=0.01387
iter=194 terr=0.00005 serr=0.00041 act=6441491 obj=312.83153 diff=0.01624
iter=195 terr=0.00005 serr=0.00040 act=6441491 obj=307.61851 diff=0.01666
iter=196 terr=0.00005 serr=0.00035 act=6441491 obj=300.00925 diff=0.02474
iter=197 terr=0.00006 serr=0.00042 act=6441491 obj=302.42982 diff=0.00807
iter=198 terr=0.00005 serr=0.00037 act=6441491 obj=295.30625 diff=0.02355
iter=199 terr=0.00004 serr=0.00032 act=6441491 obj=286.12314 diff=0.03110
iter=200 terr=0.00004 serr=0.00027 act=6441491 obj=282.54825 diff=0.01249
iter=201 terr=0.00003 serr=0.00023 act=6441491 obj=279.09188 diff=0.01223
iter=202 terr=0.00003 serr=0.00024 act=6441491 obj=274.45048 diff=0.01663
iter=203 terr=0.00002 serr=0.00020 act=6441491 obj=269.01103 diff=0.01982
iter=204 terr=0.00003 serr=0.00021 act=6441491 obj=264.18335 diff=0.01795
iter=205 terr=0.00003 serr=0.00021 act=6441491 obj=260.88155 diff=0.01250
iter=206 terr=0.00002 serr=0.00020 act=6441491 obj=258.00992 diff=0.01101
iter=207 terr=0.00003 serr=0.00021 act=6441491 obj=254.71132 diff=0.01278
iter=208 terr=0.00003 serr=0.00021 act=6441491 obj=251.60790 diff=0.01218
iter=209 terr=0.00002 serr=0.00017 act=6441491 obj=247.65926 diff=0.01569
iter=210 terr=0.00002 serr=0.00013 act=6441491 obj=251.25998 diff=0.01454
iter=211 terr=0.00002 serr=0.00016 act=6441491 obj=245.90962 diff=0.02129
iter=212 terr=0.00002 serr=0.00014 act=6441491 obj=243.26842 diff=0.01074
iter=213 terr=0.00002 serr=0.00014 act=6441491 obj=241.21114 diff=0.00846
iter=214 terr=0.00002 serr=0.00013 act=6441491 obj=240.25448 diff=0.00397
iter=215 terr=0.00002 serr=0.00013 act=6441491 obj=238.50415 diff=0.00729
iter=216 terr=0.00002 serr=0.00013 act=6441491 obj=237.91219 diff=0.00248
iter=217 terr=0.00002 serr=0.00013 act=6441491 obj=237.29213 diff=0.00261
iter=218 terr=0.00002 serr=0.00013 act=6441491 obj=235.87942 diff=0.00595
iter=219 terr=0.00002 serr=0.00013 act=6441491 obj=233.79044 diff=0.00886
iter=220 terr=0.00002 serr=0.00013 act=6441491 obj=233.23267 diff=0.00239
iter=221 terr=0.00002 serr=0.00013 act=6441491 obj=231.35643 diff=0.00804
iter=222 terr=0.00002 serr=0.00013 act=6441491 obj=230.71606 diff=0.00277
iter=223 terr=0.00002 serr=0.00013 act=6441491 obj=228.97169 diff=0.00756
iter=224 terr=0.00002 serr=0.00013 act=6441491 obj=228.38298 diff=0.00257
iter=225 terr=0.00001 serr=0.00011 act=6441491 obj=226.17366 diff=0.00967
iter=226 terr=0.00001 serr=0.00011 act=6441491 obj=225.30233 diff=0.00385
iter=227 terr=0.00001 serr=0.00011 act=6441491 obj=224.46937 diff=0.00370
iter=228 terr=0.00001 serr=0.00011 act=6441491 obj=223.33172 diff=0.00507
iter=229 terr=0.00001 serr=0.00010 act=6441491 obj=222.88443 diff=0.00200
iter=230 terr=0.00001 serr=0.00010 act=6441491 obj=221.31737 diff=0.00703
iter=231 terr=0.00001 serr=0.00011 act=6441491 obj=220.90899 diff=0.00185
iter=232 terr=0.00001 serr=0.00010 act=6441491 obj=219.84429 diff=0.00482
iter=233 terr=0.00002 serr=0.00013 act=6441491 obj=219.88484 diff=0.00018
iter=234 terr=0.00001 serr=0.00011 act=6441491 obj=219.34065 diff=0.00247
iter=235 terr=0.00001 serr=0.00011 act=6441491 obj=218.64963 diff=0.00315
iter=236 terr=0.00001 serr=0.00010 act=6441491 obj=217.70700 diff=0.00431
iter=237 terr=0.00001 serr=0.00010 act=6441491 obj=216.59520 diff=0.00511
iter=238 terr=0.00001 serr=0.00010 act=6441491 obj=215.62650 diff=0.00447
iter=239 terr=0.00001 serr=0.00010 act=6441491 obj=214.44791 diff=0.00547
iter=240 terr=0.00001 serr=0.00010 act=6441491 obj=213.55242 diff=0.00418
iter=241 terr=0.00001 serr=0.00010 act=6441491 obj=212.64366 diff=0.00426
iter=242 terr=0.00001 serr=0.00010 act=6441491 obj=210.83183 diff=0.00852
iter=243 terr=0.00001 serr=0.00007 act=6441491 obj=213.74475 diff=0.01382
iter=244 terr=0.00001 serr=0.00008 act=6441491 obj=210.23179 diff=0.01644
iter=245 terr=0.00001 serr=0.00008 act=6441491 obj=209.57774 diff=0.00311
iter=246 terr=0.00001 serr=0.00008 act=6441491 obj=209.00230 diff=0.00275
iter=247 terr=0.00001 serr=0.00008 act=6441491 obj=208.33625 diff=0.00319
iter=248 terr=0.00001 serr=0.00007 act=6441491 obj=208.43169 diff=0.00046
iter=249 terr=0.00001 serr=0.00007 act=6441491 obj=207.97261 diff=0.00220
iter=250 terr=0.00001 serr=0.00007 act=6441491 obj=207.46472 diff=0.00244
iter=251 terr=0.00001 serr=0.00007 act=6441491 obj=206.91391 diff=0.00265
iter=252 terr=0.00001 serr=0.00007 act=6441491 obj=206.38478 diff=0.00256
iter=253 terr=0.00001 serr=0.00007 act=6441491 obj=206.92856 diff=0.00263
iter=254 terr=0.00001 serr=0.00007 act=6441491 obj=206.14940 diff=0.00377
iter=255 terr=0.00001 serr=0.00007 act=6441491 obj=205.75169 diff=0.00193
iter=256 terr=0.00001 serr=0.00007 act=6441491 obj=205.24913 diff=0.00244
iter=257 terr=0.00001 serr=0.00007 act=6441491 obj=204.79767 diff=0.00220
iter=258 terr=0.00001 serr=0.00007 act=6441491 obj=204.16367 diff=0.00310
iter=259 terr=0.00001 serr=0.00007 act=6441491 obj=203.51712 diff=0.00317
iter=260 terr=0.00001 serr=0.00007 act=6441491 obj=202.98011 diff=0.00264
iter=261 terr=0.00001 serr=0.00007 act=6441491 obj=202.45184 diff=0.00260
iter=262 terr=0.00001 serr=0.00007 act=6441491 obj=203.68518 diff=0.00609
iter=263 terr=0.00001 serr=0.00007 act=6441491 obj=202.24077 diff=0.00709
iter=264 terr=0.00001 serr=0.00007 act=6441491 obj=202.05499 diff=0.00092
iter=265 terr=0.00001 serr=0.00007 act=6441491 obj=201.59810 diff=0.00226
iter=266 terr=0.00001 serr=0.00007 act=6441491 obj=201.24618 diff=0.00175
iter=267 terr=0.00001 serr=0.00007 act=6441491 obj=200.97996 diff=0.00132
iter=268 terr=0.00001 serr=0.00007 act=6441491 obj=200.38925 diff=0.00294
iter=269 terr=0.00001 serr=0.00007 act=6441491 obj=200.09960 diff=0.00145
iter=270 terr=0.00001 serr=0.00007 act=6441491 obj=199.85939 diff=0.00120
iter=271 terr=0.00001 serr=0.00007 act=6441491 obj=199.67851 diff=0.00091
iter=272 terr=0.00001 serr=0.00007 act=6441491 obj=199.39424 diff=0.00142
iter=273 terr=0.00001 serr=0.00007 act=6441491 obj=199.19264 diff=0.00101
iter=274 terr=0.00001 serr=0.00007 act=6441491 obj=198.77785 diff=0.00208
iter=275 terr=0.00001 serr=0.00007 act=6441491 obj=198.12791 diff=0.00327
iter=276 terr=0.00001 serr=0.00007 act=6441491 obj=197.71336 diff=0.00209
iter=277 terr=0.00001 serr=0.00007 act=6441491 obj=197.12476 diff=0.00298
iter=278 terr=0.00001 serr=0.00007 act=6441491 obj=196.92486 diff=0.00101
iter=279 terr=0.00001 serr=0.00007 act=6441491 obj=196.63812 diff=0.00146
iter=280 terr=0.00001 serr=0.00007 act=6441491 obj=196.14519 diff=0.00251
iter=281 terr=0.00001 serr=0.00007 act=6441491 obj=195.42552 diff=0.00367
iter=282 terr=0.00001 serr=0.00007 act=6441491 obj=195.00054 diff=0.00217
iter=283 terr=0.00001 serr=0.00007 act=6441491 obj=194.57190 diff=0.00220
iter=284 terr=0.00001 serr=0.00007 act=6441491 obj=194.39085 diff=0.00093
iter=285 terr=0.00001 serr=0.00007 act=6441491 obj=194.14695 diff=0.00125
iter=286 terr=0.00001 serr=0.00007 act=6441491 obj=193.79370 diff=0.00182
iter=287 terr=0.00001 serr=0.00007 act=6441491 obj=193.43564 diff=0.00185
iter=288 terr=0.00001 serr=0.00007 act=6441491 obj=193.13007 diff=0.00158
iter=289 terr=0.00001 serr=0.00007 act=6441491 obj=192.71872 diff=0.00213
iter=290 terr=0.00001 serr=0.00007 act=6441491 obj=192.25216 diff=0.00242
iter=291 terr=0.00001 serr=0.00007 act=6441491 obj=191.97012 diff=0.00147
iter=292 terr=0.00001 serr=0.00007 act=6441491 obj=190.87247 diff=0.00572
iter=293 terr=0.00001 serr=0.00007 act=6441491 obj=190.59941 diff=0.00143
iter=294 terr=0.00001 serr=0.00007 act=6441491 obj=189.69742 diff=0.00473
iter=295 terr=0.00001 serr=0.00007 act=6441491 obj=189.28750 diff=0.00216
iter=296 terr=0.00001 serr=0.00007 act=6441491 obj=188.73852 diff=0.00290
iter=297 terr=0.00001 serr=0.00007 act=6441491 obj=189.45112 diff=0.00378
iter=298 terr=0.00001 serr=0.00007 act=6441491 obj=188.49519 diff=0.00505
iter=299 terr=0.00001 serr=0.00007 act=6441491 obj=188.14802 diff=0.00184
iter=300 terr=0.00001 serr=0.00007 act=6441491 obj=187.68060 diff=0.00248
iter=301 terr=0.00001 serr=0.00007 act=6441491 obj=187.07452 diff=0.00323
iter=302 terr=0.00001 serr=0.00007 act=6441491 obj=186.47705 diff=0.00319
iter=303 terr=0.00001 serr=0.00007 act=6441491 obj=185.85187 diff=0.00335
iter=304 terr=0.00001 serr=0.00007 act=6441491 obj=185.38294 diff=0.00252
iter=305 terr=0.00001 serr=0.00007 act=6441491 obj=185.18383 diff=0.00107
iter=306 terr=0.00001 serr=0.00007 act=6441491 obj=184.85930 diff=0.00175
iter=307 terr=0.00001 serr=0.00007 act=6441491 obj=184.56098 diff=0.00161
iter=308 terr=0.00001 serr=0.00007 act=6441491 obj=184.18311 diff=0.00205
iter=309 terr=0.00001 serr=0.00007 act=6441491 obj=183.54584 diff=0.00346
iter=310 terr=0.00001 serr=0.00007 act=6441491 obj=182.63605 diff=0.00496
iter=311 terr=0.00001 serr=0.00007 act=6441491 obj=181.85553 diff=0.00427
iter=312 terr=0.00001 serr=0.00007 act=6441491 obj=181.03125 diff=0.00453
iter=313 terr=0.00001 serr=0.00007 act=6441491 obj=180.40019 diff=0.00349
iter=314 terr=0.00001 serr=0.00007 act=6441491 obj=179.83731 diff=0.00312
iter=315 terr=0.00001 serr=0.00007 act=6441491 obj=179.45025 diff=0.00215
iter=316 terr=0.00001 serr=0.00007 act=6441491 obj=178.85999 diff=0.00329
iter=317 terr=0.00001 serr=0.00007 act=6441491 obj=178.10543 diff=0.00422
iter=318 terr=0.00001 serr=0.00007 act=6441491 obj=177.74785 diff=0.00201
iter=319 terr=0.00001 serr=0.00007 act=6441491 obj=176.82788 diff=0.00518
iter=320 terr=0.00001 serr=0.00007 act=6441491 obj=176.51598 diff=0.00176
iter=321 terr=0.00001 serr=0.00007 act=6441491 obj=176.00202 diff=0.00291
iter=322 terr=0.00001 serr=0.00007 act=6441491 obj=175.27130 diff=0.00415
iter=323 terr=0.00001 serr=0.00007 act=6441491 obj=174.42292 diff=0.00484
iter=324 terr=0.00001 serr=0.00007 act=6441491 obj=173.57447 diff=0.00486
iter=325 terr=0.00001 serr=0.00007 act=6441491 obj=172.81530 diff=0.00437
iter=326 terr=0.00001 serr=0.00007 act=6441491 obj=171.98062 diff=0.00483
iter=327 terr=0.00001 serr=0.00007 act=6441491 obj=170.93199 diff=0.00610
iter=328 terr=0.00001 serr=0.00007 act=6441491 obj=170.66728 diff=0.00155
iter=329 terr=0.00001 serr=0.00007 act=6441491 obj=169.92074 diff=0.00437
iter=330 terr=0.00001 serr=0.00007 act=6441491 obj=169.77732 diff=0.00084
iter=331 terr=0.00001 serr=0.00007 act=6441491 obj=169.08647 diff=0.00407
iter=332 terr=0.00001 serr=0.00007 act=6441491 obj=168.64758 diff=0.00260
iter=333 terr=0.00001 serr=0.00007 act=6441491 obj=167.66652 diff=0.00582
iter=334 terr=0.00001 serr=0.00007 act=6441491 obj=167.18167 diff=0.00289
iter=335 terr=0.00001 serr=0.00007 act=6441491 obj=167.47522 diff=0.00176
iter=336 terr=0.00001 serr=0.00007 act=6441491 obj=166.36688 diff=0.00662
iter=337 terr=0.00001 serr=0.00007 act=6441491 obj=165.58978 diff=0.00467
iter=338 terr=0.00001 serr=0.00007 act=6441491 obj=165.24705 diff=0.00207
iter=339 terr=0.00001 serr=0.00007 act=6441491 obj=164.19953 diff=0.00634
iter=340 terr=0.00001 serr=0.00007 act=6441491 obj=163.57223 diff=0.00382
iter=341 terr=0.00001 serr=0.00007 act=6441491 obj=162.75696 diff=0.00498
iter=342 terr=0.00001 serr=0.00007 act=6441491 obj=162.13797 diff=0.00380
iter=343 terr=0.00001 serr=0.00007 act=6441491 obj=162.64253 diff=0.00311
iter=344 terr=0.00001 serr=0.00007 act=6441491 obj=161.52392 diff=0.00688
iter=345 terr=0.00001 serr=0.00007 act=6441491 obj=160.76421 diff=0.00470
iter=346 terr=0.00001 serr=0.00007 act=6441491 obj=160.25611 diff=0.00316
iter=347 terr=0.00001 serr=0.00007 act=6441491 obj=158.93902 diff=0.00822
iter=348 terr=0.00001 serr=0.00007 act=6441491 obj=158.91101 diff=0.00018
iter=349 terr=0.00001 serr=0.00007 act=6441491 obj=158.51175 diff=0.00251
iter=350 terr=0.00001 serr=0.00007 act=6441491 obj=157.87172 diff=0.00404
iter=351 terr=0.00001 serr=0.00007 act=6441491 obj=157.21015 diff=0.00419
iter=352 terr=0.00001 serr=0.00007 act=6441491 obj=157.00230 diff=0.00132
iter=353 terr=0.00001 serr=0.00007 act=6441491 obj=156.34854 diff=0.00416
iter=354 terr=0.00001 serr=0.00007 act=6441491 obj=156.23209 diff=0.00074
iter=355 terr=0.00001 serr=0.00007 act=6441491 obj=155.86237 diff=0.00237
iter=356 terr=0.00001 serr=0.00007 act=6441491 obj=155.40640 diff=0.00293
iter=357 terr=0.00001 serr=0.00007 act=6441491 obj=154.89951 diff=0.00326
iter=358 terr=0.00001 serr=0.00007 act=6441491 obj=154.13408 diff=0.00494
iter=359 terr=0.00001 serr=0.00007 act=6441491 obj=153.65140 diff=0.00313
iter=360 terr=0.00001 serr=0.00007 act=6441491 obj=152.82808 diff=0.00536
iter=361 terr=0.00001 serr=0.00007 act=6441491 obj=155.21674 diff=0.01563
iter=362 terr=0.00001 serr=0.00007 act=6441491 obj=152.55242 diff=0.01717
iter=363 terr=0.00001 serr=0.00007 act=6441491 obj=152.28654 diff=0.00174
iter=364 terr=0.00001 serr=0.00007 act=6441491 obj=151.50356 diff=0.00514
iter=365 terr=0.00001 serr=0.00007 act=6441491 obj=150.82020 diff=0.00451
iter=366 terr=0.00001 serr=0.00007 act=6441491 obj=150.07757 diff=0.00492
iter=367 terr=0.00001 serr=0.00007 act=6441491 obj=149.51392 diff=0.00376
iter=368 terr=0.00001 serr=0.00007 act=6441491 obj=149.11421 diff=0.00267
iter=369 terr=0.00001 serr=0.00007 act=6441491 obj=148.66871 diff=0.00299
iter=370 terr=0.00001 serr=0.00007 act=6441491 obj=148.04675 diff=0.00418
iter=371 terr=0.00001 serr=0.00007 act=6441491 obj=147.45378 diff=0.00401
iter=372 terr=0.00001 serr=0.00007 act=6441491 obj=147.13014 diff=0.00219
iter=373 terr=0.00001 serr=0.00007 act=6441491 obj=146.83254 diff=0.00202
iter=374 terr=0.00001 serr=0.00007 act=6441491 obj=146.37310 diff=0.00313
iter=375 terr=0.00001 serr=0.00007 act=6441491 obj=145.70398 diff=0.00457
iter=376 terr=0.00001 serr=0.00007 act=6441491 obj=145.20056 diff=0.00346
iter=377 terr=0.00001 serr=0.00007 act=6441491 obj=144.68068 diff=0.00358
iter=378 terr=0.00001 serr=0.00007 act=6441491 obj=144.49194 diff=0.00130
iter=379 terr=0.00001 serr=0.00007 act=6441491 obj=144.21914 diff=0.00189
iter=380 terr=0.00001 serr=0.00007 act=6441491 obj=143.49176 diff=0.00504
iter=381 terr=0.00001 serr=0.00007 act=6441491 obj=142.65884 diff=0.00580
iter=382 terr=0.00001 serr=0.00007 act=6441491 obj=143.36502 diff=0.00495
iter=383 terr=0.00001 serr=0.00007 act=6441491 obj=142.40634 diff=0.00669
iter=384 terr=0.00001 serr=0.00007 act=6441491 obj=141.97496 diff=0.00303
iter=385 terr=0.00001 serr=0.00007 act=6441491 obj=141.48125 diff=0.00348
iter=386 terr=0.00001 serr=0.00007 act=6441491 obj=141.20731 diff=0.00194
iter=387 terr=0.00001 serr=0.00007 act=6441491 obj=140.61575 diff=0.00419
iter=388 terr=0.00001 serr=0.00007 act=6441491 obj=139.83541 diff=0.00555
iter=389 terr=0.00001 serr=0.00007 act=6441491 obj=143.00565 diff=0.02267
iter=390 terr=0.00001 serr=0.00007 act=6441491 obj=139.47271 diff=0.02470
iter=391 terr=0.00001 serr=0.00007 act=6441491 obj=138.66215 diff=0.00581
iter=392 terr=0.00001 serr=0.00007 act=6441491 obj=138.32882 diff=0.00240
iter=393 terr=0.00001 serr=0.00007 act=6441491 obj=137.51302 diff=0.00590
iter=394 terr=0.00001 serr=0.00007 act=6441491 obj=137.64262 diff=0.00094
iter=395 terr=0.00001 serr=0.00007 act=6441491 obj=136.97087 diff=0.00488
iter=396 terr=0.00001 serr=0.00007 act=6441491 obj=136.55831 diff=0.00301
iter=397 terr=0.00001 serr=0.00007 act=6441491 obj=135.95055 diff=0.00445
iter=398 terr=0.00001 serr=0.00007 act=6441491 obj=137.87260 diff=0.01414
iter=399 terr=0.00001 serr=0.00007 act=6441491 obj=135.77089 diff=0.01524
iter=400 terr=0.00001 serr=0.00007 act=6441491 obj=135.46643 diff=0.00224
iter=401 terr=0.00001 serr=0.00007 act=6441491 obj=135.10834 diff=0.00264
iter=402 terr=0.00001 serr=0.00007 act=6441491 obj=134.64699 diff=0.00341
iter=403 terr=0.00001 serr=0.00007 act=6441491 obj=139.40591 diff=0.03534
iter=404 terr=0.00001 serr=0.00007 act=6441491 obj=134.37272 diff=0.03610
iter=405 terr=0.00001 serr=0.00007 act=6441491 obj=134.01555 diff=0.00266
iter=406 terr=0.00001 serr=0.00007 act=6441491 obj=133.45636 diff=0.00417
iter=407 terr=0.00001 serr=0.00007 act=6441491 obj=133.01348 diff=0.00332
iter=408 terr=0.00001 serr=0.00007 act=6441491 obj=132.81399 diff=0.00150
iter=409 terr=0.00001 serr=0.00007 act=6441491 obj=132.08670 diff=0.00548
iter=410 terr=0.00001 serr=0.00007 act=6441491 obj=131.62386 diff=0.00350
iter=411 terr=0.00001 serr=0.00007 act=6441491 obj=131.28620 diff=0.00257
iter=412 terr=0.00001 serr=0.00007 act=6441491 obj=131.05836 diff=0.00174
iter=413 terr=0.00001 serr=0.00007 act=6441491 obj=130.85560 diff=0.00155
iter=414 terr=0.00001 serr=0.00007 act=6441491 obj=130.36563 diff=0.00374
iter=415 terr=0.00001 serr=0.00007 act=6441491 obj=129.63201 diff=0.00563
iter=416 terr=0.00001 serr=0.00007 act=6441491 obj=129.04990 diff=0.00449
iter=417 terr=0.00001 serr=0.00007 act=6441491 obj=128.53976 diff=0.00395
iter=418 terr=0.00001 serr=0.00007 act=6441491 obj=128.62833 diff=0.00069
iter=419 terr=0.00001 serr=0.00007 act=6441491 obj=128.35789 diff=0.00210
iter=420 terr=0.00001 serr=0.00007 act=6441491 obj=128.10811 diff=0.00195
iter=421 terr=0.00001 serr=0.00007 act=6441491 obj=127.85679 diff=0.00196
iter=422 terr=0.00001 serr=0.00007 act=6441491 obj=127.49676 diff=0.00282
iter=423 terr=0.00001 serr=0.00007 act=6441491 obj=127.01870 diff=0.00375
iter=424 terr=0.00001 serr=0.00007 act=6441491 obj=126.40554 diff=0.00483
iter=425 terr=0.00001 serr=0.00007 act=6441491 obj=125.84876 diff=0.00440
iter=426 terr=0.00001 serr=0.00007 act=6441491 obj=126.02594 diff=0.00141
iter=427 terr=0.00001 serr=0.00007 act=6441491 obj=125.70070 diff=0.00258
iter=428 terr=0.00001 serr=0.00007 act=6441491 obj=125.52253 diff=0.00142
iter=429 terr=0.00001 serr=0.00007 act=6441491 obj=125.03956 diff=0.00385
iter=430 terr=0.00001 serr=0.00007 act=6441491 obj=124.62211 diff=0.00334
iter=431 terr=0.00001 serr=0.00007 act=6441491 obj=124.18071 diff=0.00354
iter=432 terr=0.00001 serr=0.00007 act=6441491 obj=123.58299 diff=0.00481
iter=433 terr=0.00001 serr=0.00007 act=6441491 obj=123.16976 diff=0.00334
iter=434 terr=0.00001 serr=0.00007 act=6441491 obj=124.90946 diff=0.01412
iter=435 terr=0.00001 serr=0.00007 act=6441491 obj=123.06284 diff=0.01478
iter=436 terr=0.00001 serr=0.00007 act=6441491 obj=122.85070 diff=0.00172
iter=437 terr=0.00001 serr=0.00007 act=6441491 obj=122.51083 diff=0.00277
iter=438 terr=0.00001 serr=0.00007 act=6441491 obj=122.23764 diff=0.00223
iter=439 terr=0.00001 serr=0.00007 act=6441491 obj=121.88962 diff=0.00285
iter=440 terr=0.00001 serr=0.00007 act=6441491 obj=121.46599 diff=0.00348
iter=441 terr=0.00001 serr=0.00007 act=6441491 obj=121.01466 diff=0.00372
iter=442 terr=0.00001 serr=0.00007 act=6441491 obj=121.69525 diff=0.00562
iter=443 terr=0.00001 serr=0.00007 act=6441491 obj=120.82999 diff=0.00711
iter=444 terr=0.00001 serr=0.00007 act=6441491 obj=120.55871 diff=0.00225
iter=445 terr=0.00001 serr=0.00007 act=6441491 obj=120.33079 diff=0.00189
iter=446 terr=0.00001 serr=0.00007 act=6441491 obj=120.13692 diff=0.00161
iter=447 terr=0.00001 serr=0.00007 act=6441491 obj=119.76577 diff=0.00309
iter=448 terr=0.00001 serr=0.00007 act=6441491 obj=119.45839 diff=0.00257
iter=449 terr=0.00001 serr=0.00007 act=6441491 obj=119.16869 diff=0.00243
iter=450 terr=0.00001 serr=0.00007 act=6441491 obj=118.93554 diff=0.00196
iter=451 terr=0.00001 serr=0.00007 act=6441491 obj=118.77876 diff=0.00132
iter=452 terr=0.00001 serr=0.00007 act=6441491 obj=118.38989 diff=0.00327
iter=453 terr=0.00001 serr=0.00007 act=6441491 obj=118.09453 diff=0.00249
iter=454 terr=0.00001 serr=0.00007 act=6441491 obj=117.60191 diff=0.00417
iter=455 terr=0.00001 serr=0.00007 act=6441491 obj=117.36094 diff=0.00205
iter=456 terr=0.00001 serr=0.00007 act=6441491 obj=117.31260 diff=0.00041
iter=457 terr=0.00001 serr=0.00007 act=6441491 obj=117.13828 diff=0.00149
iter=458 terr=0.00001 serr=0.00007 act=6441491 obj=117.06596 diff=0.00062
iter=459 terr=0.00001 serr=0.00007 act=6441491 obj=116.91835 diff=0.00126
iter=460 terr=0.00001 serr=0.00007 act=6441491 obj=116.73577 diff=0.00156
iter=461 terr=0.00001 serr=0.00007 act=6441491 obj=116.31159 diff=0.00363
iter=462 terr=0.00001 serr=0.00007 act=6441491 obj=116.02953 diff=0.00243
iter=463 terr=0.00001 serr=0.00007 act=6441491 obj=115.84869 diff=0.00156
iter=464 terr=0.00001 serr=0.00007 act=6441491 obj=115.67596 diff=0.00149
iter=465 terr=0.00001 serr=0.00007 act=6441491 obj=115.48577 diff=0.00164
iter=466 terr=0.00001 serr=0.00007 act=6441491 obj=115.32602 diff=0.00138
iter=467 terr=0.00001 serr=0.00007 act=6441491 obj=115.21482 diff=0.00096
iter=468 terr=0.00001 serr=0.00007 act=6441491 obj=114.99217 diff=0.00193
iter=469 terr=0.00001 serr=0.00007 act=6441491 obj=114.82484 diff=0.00146
iter=470 terr=0.00001 serr=0.00007 act=6441491 obj=114.41881 diff=0.00354
iter=471 terr=0.00001 serr=0.00007 act=6441491 obj=114.23292 diff=0.00162
iter=472 terr=0.00001 serr=0.00007 act=6441491 obj=114.11111 diff=0.00107
iter=473 terr=0.00001 serr=0.00007 act=6441491 obj=113.97872 diff=0.00116
iter=474 terr=0.00001 serr=0.00007 act=6441491 obj=113.71363 diff=0.00233
iter=475 terr=0.00001 serr=0.00007 act=6441491 obj=113.39135 diff=0.00283
iter=476 terr=0.00001 serr=0.00007 act=6441491 obj=113.16309 diff=0.00201
iter=477 terr=0.00001 serr=0.00007 act=6441491 obj=112.93107 diff=0.00205
iter=478 terr=0.00001 serr=0.00007 act=6441491 obj=112.78797 diff=0.00127
iter=479 terr=0.00001 serr=0.00007 act=6441491 obj=112.63412 diff=0.00136
iter=480 terr=0.00001 serr=0.00007 act=6441491 obj=112.56306 diff=0.00063
iter=481 terr=0.00001 serr=0.00007 act=6441491 obj=112.48458 diff=0.00070
iter=482 terr=0.00001 serr=0.00007 act=6441491 obj=112.19023 diff=0.00262
iter=483 terr=0.00001 serr=0.00007 act=6441491 obj=111.81743 diff=0.00332
iter=484 terr=0.00001 serr=0.00007 act=6441491 obj=111.43029 diff=0.00346
iter=485 terr=0.00001 serr=0.00007 act=6441491 obj=111.17820 diff=0.00226
iter=486 terr=0.00001 serr=0.00007 act=6441491 obj=111.06165 diff=0.00105
iter=487 terr=0.00001 serr=0.00007 act=6441491 obj=110.84009 diff=0.00199
iter=488 terr=0.00001 serr=0.00007 act=6441491 obj=110.58445 diff=0.00231
iter=489 terr=0.00001 serr=0.00007 act=6441491 obj=110.22613 diff=0.00324
iter=490 terr=0.00001 serr=0.00007 act=6441491 obj=110.01429 diff=0.00192
iter=491 terr=0.00001 serr=0.00007 act=6441491 obj=109.81749 diff=0.00179
iter=492 terr=0.00001 serr=0.00007 act=6441491 obj=109.73987 diff=0.00071
iter=493 terr=0.00001 serr=0.00007 act=6441491 obj=109.66508 diff=0.00068
iter=494 terr=0.00001 serr=0.00007 act=6441491 obj=109.60422 diff=0.00056
iter=495 terr=0.00001 serr=0.00007 act=6441491 obj=109.48190 diff=0.00112
iter=496 terr=0.00001 serr=0.00007 act=6441491 obj=109.28014 diff=0.00184
iter=497 terr=0.00001 serr=0.00007 act=6441491 obj=109.05919 diff=0.00202
iter=498 terr=0.00001 serr=0.00007 act=6441491 obj=108.96299 diff=0.00088
iter=499 terr=0.00001 serr=0.00007 act=6441491 obj=108.71489 diff=0.00228
iter=500 terr=0.00001 serr=0.00007 act=6441491 obj=108.61753 diff=0.00090
iter=501 terr=0.00001 serr=0.00007 act=6441491 obj=108.49854 diff=0.00110
iter=502 terr=0.00001 serr=0.00007 act=6441491 obj=108.29036 diff=0.00192
iter=503 terr=0.00001 serr=0.00007 act=6441491 obj=108.27331 diff=0.00016
iter=504 terr=0.00001 serr=0.00007 act=6441491 obj=108.08291 diff=0.00176
iter=505 terr=0.00001 serr=0.00007 act=6441491 obj=107.91791 diff=0.00153
iter=506 terr=0.00001 serr=0.00007 act=6441491 obj=107.57529 diff=0.00317
iter=507 terr=0.00001 serr=0.00007 act=6441491 obj=108.04301 diff=0.00435
iter=508 terr=0.00001 serr=0.00007 act=6441491 obj=107.49314 diff=0.00509
iter=509 terr=0.00001 serr=0.00007 act=6441491 obj=107.42575 diff=0.00063
iter=510 terr=0.00001 serr=0.00007 act=6441491 obj=107.28748 diff=0.00129
iter=511 terr=0.00001 serr=0.00007 act=6441491 obj=107.07712 diff=0.00196
iter=512 terr=0.00001 serr=0.00007 act=6441491 obj=107.23987 diff=0.00152
iter=513 terr=0.00001 serr=0.00007 act=6441491 obj=106.95495 diff=0.00266
iter=514 terr=0.00001 serr=0.00007 act=6441491 obj=106.78186 diff=0.00162
iter=515 terr=0.00001 serr=0.00007 act=6441491 obj=106.64880 diff=0.00125
iter=516 terr=0.00001 serr=0.00007 act=6441491 obj=107.55923 diff=0.00854
iter=517 terr=0.00001 serr=0.00007 act=6441491 obj=106.58645 diff=0.00904
iter=518 terr=0.00001 serr=0.00007 act=6441491 obj=106.52185 diff=0.00061
iter=519 terr=0.00001 serr=0.00007 act=6441491 obj=106.39271 diff=0.00121
iter=520 terr=0.00001 serr=0.00007 act=6441491 obj=106.28433 diff=0.00102
iter=521 terr=0.00001 serr=0.00007 act=6441491 obj=106.10777 diff=0.00166
iter=522 terr=0.00001 serr=0.00007 act=6441491 obj=106.11235 diff=0.00004
iter=523 terr=0.00001 serr=0.00007 act=6441491 obj=105.98129 diff=0.00124
iter=524 terr=0.00001 serr=0.00007 act=6441491 obj=105.80687 diff=0.00165
iter=525 terr=0.00001 serr=0.00007 act=6441491 obj=105.64225 diff=0.00156
iter=526 terr=0.00001 serr=0.00007 act=6441491 obj=105.56349 diff=0.00075
iter=527 terr=0.00001 serr=0.00007 act=6441491 obj=105.48691 diff=0.00073
iter=528 terr=0.00001 serr=0.00007 act=6441491 obj=105.37118 diff=0.00110
iter=529 terr=0.00001 serr=0.00007 act=6441491 obj=105.31082 diff=0.00057
iter=530 terr=0.00001 serr=0.00007 act=6441491 obj=105.12583 diff=0.00176
iter=531 terr=0.00001 serr=0.00007 act=6441491 obj=105.00699 diff=0.00113
iter=532 terr=0.00001 serr=0.00007 act=6441491 obj=104.79618 diff=0.00201
iter=533 terr=0.00001 serr=0.00007 act=6441491 obj=104.70269 diff=0.00089
iter=534 terr=0.00001 serr=0.00007 act=6441491 obj=104.63282 diff=0.00067
iter=535 terr=0.00001 serr=0.00007 act=6441491 obj=104.52343 diff=0.00105
iter=536 terr=0.00001 serr=0.00007 act=6441491 obj=104.46771 diff=0.00053
iter=537 terr=0.00001 serr=0.00007 act=6441491 obj=104.41370 diff=0.00052
iter=538 terr=0.00001 serr=0.00007 act=6441491 obj=104.31706 diff=0.00093
iter=539 terr=0.00001 serr=0.00007 act=6441491 obj=104.10283 diff=0.00205
iter=540 terr=0.00001 serr=0.00007 act=6441491 obj=103.98113 diff=0.00117
iter=541 terr=0.00001 serr=0.00007 act=6441491 obj=103.82661 diff=0.00149
iter=542 terr=0.00001 serr=0.00007 act=6441491 obj=103.74060 diff=0.00083
iter=543 terr=0.00001 serr=0.00007 act=6441491 obj=103.67455 diff=0.00064
iter=544 terr=0.00001 serr=0.00007 act=6441491 obj=103.54859 diff=0.00121
iter=545 terr=0.00001 serr=0.00007 act=6441491 obj=103.35500 diff=0.00187
iter=546 terr=0.00001 serr=0.00007 act=6441491 obj=103.19656 diff=0.00153
iter=547 terr=0.00001 serr=0.00007 act=6441491 obj=103.05413 diff=0.00138
iter=548 terr=0.00001 serr=0.00007 act=6441491 obj=102.96700 diff=0.00085
iter=549 terr=0.00001 serr=0.00007 act=6441491 obj=102.90840 diff=0.00057
iter=550 terr=0.00001 serr=0.00007 act=6441491 obj=102.81909 diff=0.00087
iter=551 terr=0.00001 serr=0.00007 act=6441491 obj=102.68593 diff=0.00130
iter=552 terr=0.00001 serr=0.00007 act=6441491 obj=102.55749 diff=0.00125
iter=553 terr=0.00001 serr=0.00007 act=6441491 obj=102.39831 diff=0.00155
iter=554 terr=0.00001 serr=0.00007 act=6441491 obj=102.28678 diff=0.00109
iter=555 terr=0.00001 serr=0.00007 act=6441491 obj=103.43341 diff=0.01121
iter=556 terr=0.00001 serr=0.00007 act=6441491 obj=102.26188 diff=0.01133
iter=557 terr=0.00001 serr=0.00007 act=6441491 obj=102.21146 diff=0.00049
iter=558 terr=0.00001 serr=0.00007 act=6441491 obj=102.14101 diff=0.00069
iter=559 terr=0.00001 serr=0.00007 act=6441491 obj=102.03577 diff=0.00103
iter=560 terr=0.00001 serr=0.00007 act=6441491 obj=101.91231 diff=0.00121
iter=561 terr=0.00001 serr=0.00007 act=6441491 obj=101.79185 diff=0.00118
iter=562 terr=0.00001 serr=0.00007 act=6441491 obj=101.66297 diff=0.00127
iter=563 terr=0.00001 serr=0.00007 act=6441491 obj=101.58709 diff=0.00075
iter=564 terr=0.00001 serr=0.00007 act=6441491 obj=101.56536 diff=0.00021
iter=565 terr=0.00001 serr=0.00007 act=6441491 obj=101.50692 diff=0.00058
iter=566 terr=0.00001 serr=0.00007 act=6441491 obj=101.48372 diff=0.00023
iter=567 terr=0.00001 serr=0.00007 act=6441491 obj=101.42906 diff=0.00054
iter=568 terr=0.00001 serr=0.00007 act=6441491 obj=101.34809 diff=0.00080
iter=569 terr=0.00001 serr=0.00007 act=6441491 obj=101.22097 diff=0.00125
iter=570 terr=0.00001 serr=0.00007 act=6441491 obj=101.73341 diff=0.00506
iter=571 terr=0.00001 serr=0.00007 act=6441491 obj=101.14297 diff=0.00580
iter=572 terr=0.00001 serr=0.00007 act=6441491 obj=101.02277 diff=0.00119
iter=573 terr=0.00001 serr=0.00007 act=6441491 obj=100.93481 diff=0.00087
iter=574 terr=0.00001 serr=0.00007 act=6441491 obj=100.85049 diff=0.00084
iter=575 terr=0.00001 serr=0.00007 act=6441491 obj=100.77805 diff=0.00072
iter=576 terr=0.00001 serr=0.00007 act=6441491 obj=100.73814 diff=0.00040
iter=577 terr=0.00001 serr=0.00007 act=6441491 obj=100.63146 diff=0.00106
iter=578 terr=0.00001 serr=0.00007 act=6441491 obj=100.56142 diff=0.00070
iter=579 terr=0.00001 serr=0.00007 act=6441491 obj=100.51065 diff=0.00050
iter=580 terr=0.00001 serr=0.00007 act=6441491 obj=100.47136 diff=0.00039
iter=581 terr=0.00001 serr=0.00007 act=6441491 obj=100.45269 diff=0.00019
iter=582 terr=0.00001 serr=0.00007 act=6441491 obj=100.39707 diff=0.00055
iter=583 terr=0.00001 serr=0.00007 act=6441491 obj=100.35074 diff=0.00046
iter=584 terr=0.00001 serr=0.00007 act=6441491 obj=100.31103 diff=0.00040
iter=585 terr=0.00001 serr=0.00007 act=6441491 obj=100.25840 diff=0.00052
iter=586 terr=0.00001 serr=0.00007 act=6441491 obj=100.31492 diff=0.00056
iter=587 terr=0.00001 serr=0.00007 act=6441491 obj=100.22509 diff=0.00090
iter=588 terr=0.00001 serr=0.00007 act=6441491 obj=100.16589 diff=0.00059
iter=589 terr=0.00001 serr=0.00007 act=6441491 obj=100.12274 diff=0.00043
iter=590 terr=0.00001 serr=0.00007 act=6441491 obj=100.07414 diff=0.00049
iter=591 terr=0.00001 serr=0.00007 act=6441491 obj=100.00298 diff=0.00071
iter=592 terr=0.00001 serr=0.00007 act=6441491 obj=99.93039 diff=0.00073
iter=593 terr=0.00001 serr=0.00007 act=6441491 obj=99.87447 diff=0.00056
iter=594 terr=0.00001 serr=0.00007 act=6441491 obj=99.82589 diff=0.00049
iter=595 terr=0.00001 serr=0.00007 act=6441491 obj=99.68817 diff=0.00138
iter=596 terr=0.00001 serr=0.00007 act=6441491 obj=99.62483 diff=0.00064
iter=597 terr=0.00001 serr=0.00007 act=6441491 obj=99.55236 diff=0.00073
iter=598 terr=0.00001 serr=0.00007 act=6441491 obj=99.51003 diff=0.00043
iter=599 terr=0.00001 serr=0.00007 act=6441491 obj=99.47030 diff=0.00040
iter=600 terr=0.00001 serr=0.00007 act=6441491 obj=99.47720 diff=0.00007
iter=601 terr=0.00001 serr=0.00007 act=6441491 obj=99.43823 diff=0.00039
iter=602 terr=0.00001 serr=0.00007 act=6441491 obj=99.39667 diff=0.00042
iter=603 terr=0.00001 serr=0.00007 act=6441491 obj=99.32846 diff=0.00069
iter=604 terr=0.00001 serr=0.00007 act=6441491 obj=99.27124 diff=0.00058
iter=605 terr=0.00001 serr=0.00007 act=6441491 obj=99.14890 diff=0.00123
iter=606 terr=0.00001 serr=0.00007 act=6441491 obj=99.12434 diff=0.00025
iter=607 terr=0.00001 serr=0.00007 act=6441491 obj=99.01257 diff=0.00113
iter=608 terr=0.00001 serr=0.00007 act=6441491 obj=98.97689 diff=0.00036
iter=609 terr=0.00001 serr=0.00007 act=6441491 obj=98.95112 diff=0.00026
iter=610 terr=0.00001 serr=0.00007 act=6441491 obj=98.91070 diff=0.00041
iter=611 terr=0.00001 serr=0.00007 act=6441491 obj=98.89473 diff=0.00016
iter=612 terr=0.00001 serr=0.00007 act=6441491 obj=98.87420 diff=0.00021
iter=613 terr=0.00001 serr=0.00007 act=6441491 obj=98.83307 diff=0.00042
iter=614 terr=0.00001 serr=0.00007 act=6441491 obj=98.76709 diff=0.00067
iter=615 terr=0.00001 serr=0.00007 act=6441491 obj=98.75856 diff=0.00009
iter=616 terr=0.00001 serr=0.00007 act=6441491 obj=98.71014 diff=0.00049
iter=617 terr=0.00001 serr=0.00007 act=6441491 obj=98.65248 diff=0.00058
iter=618 terr=0.00001 serr=0.00007 act=6441491 obj=98.63577 diff=0.00017
iter=619 terr=0.00001 serr=0.00007 act=6441491 obj=98.58706 diff=0.00049
iter=620 terr=0.00001 serr=0.00007 act=6441491 obj=98.57878 diff=0.00008
iter=621 terr=0.00001 serr=0.00007 act=6441491 obj=98.54491 diff=0.00034
iter=622 terr=0.00001 serr=0.00007 act=6441491 obj=98.51162 diff=0.00034
iter=623 terr=0.00001 serr=0.00007 act=6441491 obj=98.46273 diff=0.00050
iter=624 terr=0.00001 serr=0.00007 act=6441491 obj=98.42247 diff=0.00041
iter=625 terr=0.00001 serr=0.00007 act=6441491 obj=98.47211 diff=0.00050
iter=626 terr=0.00001 serr=0.00007 act=6441491 obj=98.40398 diff=0.00069
iter=627 terr=0.00001 serr=0.00007 act=6441491 obj=98.37427 diff=0.00030
iter=628 terr=0.00001 serr=0.00007 act=6441491 obj=98.35479 diff=0.00020
iter=629 terr=0.00001 serr=0.00007 act=6441491 obj=98.31344 diff=0.00042
iter=630 terr=0.00001 serr=0.00007 act=6441491 obj=98.27391 diff=0.00040
iter=631 terr=0.00001 serr=0.00007 act=6441491 obj=98.25555 diff=0.00019
iter=632 terr=0.00001 serr=0.00007 act=6441491 obj=98.17713 diff=0.00080
iter=633 terr=0.00001 serr=0.00007 act=6441491 obj=98.14427 diff=0.00033
iter=634 terr=0.00001 serr=0.00007 act=6441491 obj=98.12210 diff=0.00023
iter=635 terr=0.00001 serr=0.00007 act=6441491 obj=98.10386 diff=0.00019
iter=636 terr=0.00001 serr=0.00007 act=6441491 obj=98.06538 diff=0.00039
iter=637 terr=0.00001 serr=0.00007 act=6441491 obj=98.03593 diff=0.00030
iter=638 terr=0.00001 serr=0.00007 act=6441491 obj=97.97653 diff=0.00061
iter=639 terr=0.00001 serr=0.00007 act=6441491 obj=97.93005 diff=0.00047
iter=640 terr=0.00001 serr=0.00007 act=6441491 obj=97.89969 diff=0.00031
iter=641 terr=0.00001 serr=0.00007 act=6441491 obj=97.87355 diff=0.00027
iter=642 terr=0.00001 serr=0.00007 act=6441491 obj=97.84348 diff=0.00031
iter=643 terr=0.00001 serr=0.00007 act=6441491 obj=97.80650 diff=0.00038
iter=644 terr=0.00001 serr=0.00007 act=6441491 obj=97.74246 diff=0.00065
iter=645 terr=0.00001 serr=0.00007 act=6441491 obj=97.70208 diff=0.00041
iter=646 terr=0.00001 serr=0.00007 act=6441491 obj=97.66228 diff=0.00041
iter=647 terr=0.00001 serr=0.00007 act=6441491 obj=97.63651 diff=0.00026
iter=648 terr=0.00001 serr=0.00007 act=6441491 obj=97.65594 diff=0.00020
iter=649 terr=0.00001 serr=0.00007 act=6441491 obj=97.61535 diff=0.00042
iter=650 terr=0.00001 serr=0.00007 act=6441491 obj=97.58225 diff=0.00034
iter=651 terr=0.00001 serr=0.00007 act=6441491 obj=97.55511 diff=0.00028
iter=652 terr=0.00001 serr=0.00007 act=6441491 obj=97.53637 diff=0.00019
iter=653 terr=0.00001 serr=0.00007 act=6441491 obj=97.48786 diff=0.00050
iter=654 terr=0.00001 serr=0.00007 act=6441491 obj=97.39776 diff=0.00092
iter=655 terr=0.00001 serr=0.00007 act=6441491 obj=97.59747 diff=0.00205
iter=656 terr=0.00001 serr=0.00007 act=6441491 obj=97.36168 diff=0.00242
iter=657 terr=0.00001 serr=0.00007 act=6441491 obj=97.31281 diff=0.00050
iter=658 terr=0.00001 serr=0.00007 act=6441491 obj=97.28345 diff=0.00030
iter=659 terr=0.00001 serr=0.00007 act=6441491 obj=97.25984 diff=0.00024
iter=660 terr=0.00001 serr=0.00007 act=6441491 obj=97.21578 diff=0.00045
iter=661 terr=0.00001 serr=0.00007 act=6441491 obj=97.15426 diff=0.00063
iter=662 terr=0.00001 serr=0.00007 act=6441491 obj=97.08341 diff=0.00073
iter=663 terr=0.00001 serr=0.00007 act=6441491 obj=97.08079 diff=0.00003
iter=664 terr=0.00001 serr=0.00007 act=6441491 obj=97.04964 diff=0.00032
iter=665 terr=0.00001 serr=0.00007 act=6441491 obj=97.04391 diff=0.00006
iter=666 terr=0.00001 serr=0.00007 act=6441491 obj=97.02454 diff=0.00020
iter=667 terr=0.00001 serr=0.00007 act=6441491 obj=97.01727 diff=0.00007
iter=668 terr=0.00001 serr=0.00007 act=6441491 obj=96.99712 diff=0.00021
iter=669 terr=0.00001 serr=0.00007 act=6441491 obj=96.96370 diff=0.00034
iter=670 terr=0.00001 serr=0.00007 act=6441491 obj=96.91199 diff=0.00053
iter=671 terr=0.00001 serr=0.00007 act=6441491 obj=96.86660 diff=0.00047
iter=672 terr=0.00001 serr=0.00007 act=6441491 obj=96.84557 diff=0.00022
iter=673 terr=0.00001 serr=0.00007 act=6441491 obj=96.82458 diff=0.00022
iter=674 terr=0.00001 serr=0.00007 act=6441491 obj=96.79652 diff=0.00029
iter=675 terr=0.00001 serr=0.00007 act=6441491 obj=96.76565 diff=0.00032
iter=676 terr=0.00001 serr=0.00007 act=6441491 obj=96.72861 diff=0.00038
iter=677 terr=0.00001 serr=0.00007 act=6441491 obj=96.71136 diff=0.00018
iter=678 terr=0.00001 serr=0.00007 act=6441491 obj=96.65995 diff=0.00053
iter=679 terr=0.00001 serr=0.00007 act=6441491 obj=96.63978 diff=0.00021
iter=680 terr=0.00001 serr=0.00007 act=6441491 obj=96.62676 diff=0.00013
iter=681 terr=0.00001 serr=0.00007 act=6441491 obj=96.61767 diff=0.00009
iter=682 terr=0.00001 serr=0.00007 act=6441491 obj=96.60262 diff=0.00016
iter=683 terr=0.00001 serr=0.00007 act=6441491 obj=96.58933 diff=0.00014
iter=684 terr=0.00001 serr=0.00007 act=6441491 obj=96.56338 diff=0.00027
iter=685 terr=0.00001 serr=0.00007 act=6441491 obj=96.53503 diff=0.00029
iter=686 terr=0.00001 serr=0.00007 act=6441491 obj=96.51483 diff=0.00021
iter=687 terr=0.00001 serr=0.00007 act=6441491 obj=96.49333 diff=0.00022
iter=688 terr=0.00001 serr=0.00007 act=6441491 obj=96.47791 diff=0.00016
iter=689 terr=0.00001 serr=0.00007 act=6441491 obj=96.45753 diff=0.00021
iter=690 terr=0.00001 serr=0.00007 act=6441491 obj=96.42162 diff=0.00037
iter=691 terr=0.00001 serr=0.00007 act=6441491 obj=96.40522 diff=0.00017
iter=692 terr=0.00001 serr=0.00007 act=6441491 obj=96.38448 diff=0.00022
iter=693 terr=0.00001 serr=0.00007 act=6441491 obj=96.37430 diff=0.00011
iter=694 terr=0.00001 serr=0.00007 act=6441491 obj=96.36839 diff=0.00006
iter=695 terr=0.00001 serr=0.00007 act=6441491 obj=96.34497 diff=0.00024
iter=696 terr=0.00001 serr=0.00007 act=6441491 obj=96.36433 diff=0.00020
iter=697 terr=0.00001 serr=0.00007 act=6441491 obj=96.32770 diff=0.00038
iter=698 terr=0.00001 serr=0.00007 act=6441491 obj=96.30648 diff=0.00022
iter=699 terr=0.00001 serr=0.00007 act=6441491 obj=96.29282 diff=0.00014
iter=700 terr=0.00001 serr=0.00007 act=6441491 obj=96.29547 diff=0.00003
iter=701 terr=0.00001 serr=0.00007 act=6441491 obj=96.28286 diff=0.00013
iter=702 terr=0.00001 serr=0.00007 act=6441491 obj=96.26755 diff=0.00016
iter=703 terr=0.00001 serr=0.00007 act=6441491 obj=96.23808 diff=0.00031
iter=704 terr=0.00001 serr=0.00007 act=6441491 obj=96.22412 diff=0.00015
iter=705 terr=0.00001 serr=0.00007 act=6441491 obj=96.20147 diff=0.00024
iter=706 terr=0.00001 serr=0.00007 act=6441491 obj=96.25588 diff=0.00057
iter=707 terr=0.00001 serr=0.00007 act=6441491 obj=96.19046 diff=0.00068
iter=708 terr=0.00001 serr=0.00007 act=6441491 obj=96.17206 diff=0.00019
iter=709 terr=0.00001 serr=0.00007 act=6441491 obj=96.15856 diff=0.00014
iter=710 terr=0.00001 serr=0.00007 act=6441491 obj=96.14370 diff=0.00015
iter=711 terr=0.00001 serr=0.00007 act=6441491 obj=96.12791 diff=0.00016
iter=712 terr=0.00001 serr=0.00007 act=6441491 obj=96.11347 diff=0.00015
iter=713 terr=0.00001 serr=0.00007 act=6441491 obj=96.10507 diff=0.00009
iter=714 terr=0.00001 serr=0.00007 act=6441491 obj=96.09073 diff=0.00015
iter=715 terr=0.00001 serr=0.00007 act=6441491 obj=96.17623 diff=0.00089
iter=716 terr=0.00001 serr=0.00007 act=6441491 obj=96.08388 diff=0.00096
iter=717 terr=0.00001 serr=0.00007 act=6441491 obj=96.07074 diff=0.00014
iter=718 terr=0.00001 serr=0.00007 act=6441491 obj=96.05712 diff=0.00014
iter=719 terr=0.00001 serr=0.00007 act=6441491 obj=96.04696 diff=0.00011
iter=720 terr=0.00001 serr=0.00007 act=6441491 obj=96.03028 diff=0.00017
iter=721 terr=0.00001 serr=0.00007 act=6441491 obj=96.01100 diff=0.00020
iter=722 terr=0.00001 serr=0.00007 act=6441491 obj=95.98781 diff=0.00024
iter=723 terr=0.00001 serr=0.00007 act=6441491 obj=95.97476 diff=0.00014
iter=724 terr=0.00001 serr=0.00007 act=6441491 obj=95.96615 diff=0.00009
iter=725 terr=0.00001 serr=0.00007 act=6441491 obj=95.95155 diff=0.00015
iter=726 terr=0.00001 serr=0.00007 act=6441491 obj=95.93682 diff=0.00015
iter=727 terr=0.00001 serr=0.00007 act=6441491 obj=95.93082 diff=0.00006
iter=728 terr=0.00001 serr=0.00007 act=6441491 obj=95.92308 diff=0.00008
iter=729 terr=0.00001 serr=0.00007 act=6441491 obj=95.91110 diff=0.00012
iter=730 terr=0.00001 serr=0.00007 act=6441491 obj=95.91860 diff=0.00008
iter=731 terr=0.00001 serr=0.00007 act=6441491 obj=95.90242 diff=0.00017
iter=732 terr=0.00001 serr=0.00007 act=6441491 obj=95.89121 diff=0.00012
iter=733 terr=0.00001 serr=0.00007 act=6441491 obj=95.88121 diff=0.00010
iter=734 terr=0.00001 serr=0.00007 act=6441491 obj=95.87587 diff=0.00006
iter=735 terr=0.00001 serr=0.00007 act=6441491 obj=95.86851 diff=0.00008
iter=736 terr=0.00001 serr=0.00007 act=6441491 obj=95.85776 diff=0.00011
iter=737 terr=0.00001 serr=0.00007 act=6441491 obj=95.84548 diff=0.00013
iter=738 terr=0.00001 serr=0.00007 act=6441491 obj=95.82283 diff=0.00024
iter=739 terr=0.00001 serr=0.00007 act=6441491 obj=95.81539 diff=0.00008
iter=740 terr=0.00001 serr=0.00007 act=6441491 obj=95.79847 diff=0.00018
iter=741 terr=0.00001 serr=0.00007 act=6441491 obj=95.79201 diff=0.00007
iter=742 terr=0.00001 serr=0.00007 act=6441491 obj=95.78402 diff=0.00008
iter=743 terr=0.00001 serr=0.00007 act=6441491 obj=95.77097 diff=0.00014
iter=744 terr=0.00001 serr=0.00007 act=6441491 obj=95.78348 diff=0.00013
iter=745 terr=0.00001 serr=0.00007 act=6441491 obj=95.76357 diff=0.00021
iter=746 terr=0.00001 serr=0.00007 act=6441491 obj=95.75588 diff=0.00008
iter=747 terr=0.00001 serr=0.00007 act=6441491 obj=95.74810 diff=0.00008
iter=748 terr=0.00001 serr=0.00007 act=6441491 obj=95.74549 diff=0.00003

Done!398702.56 s

86334
136626
137645
138461
139331
141257
206682
223739
273570
467383
Error number: 10
Tag error process finished!
Testing result file generated!
PATIENT
Gold:879,
New:761,
Agree:729.
Precision: 0.957950
Recall: 0.829352
F: 0.889024

DOCTOR
Gold:1912,
New:1789,
Agree:1676.
Precision: 0.936836
Recall: 0.876569
F: 0.905701

USERNAME
Gold:92,
New:89,
Agree:88.
Precision: 0.988764
Recall: 0.956522
F: 0.972376

PROFESSION
Gold:179,
New:101,
Agree:83.
Precision: 0.821782
Recall: 0.463687
F: 0.592857

HOSPITAL
Gold:875,
New:737,
Agree:673.
Precision: 0.913161
Recall: 0.769143
F: 0.834988

ORGANIZATION
Gold:82,
New:22,
Agree:21.
Precision: 0.954545
Recall: 0.256098
F: 0.403846

STREET
Gold:136,
New:125,
Agree:120.
Precision: 0.960000
Recall: 0.882353
F: 0.919540

CITY
Gold:260,
New:257,
Agree:218.
Precision: 0.848249
Recall: 0.838462
F: 0.843327

STATE
Gold:190,
New:171,
Agree:160.
Precision: 0.935673
Recall: 0.842105
F: 0.886427

COUNTRY
Gold:117,
New:75,
Agree:67.
Precision: 0.893333
Recall: 0.572650
F: 0.697917

ZIP
Gold:140,
New:133,
Agree:133.
Precision: 1.000000
Recall: 0.950000
F: 0.974359

OTHER
Gold:0,
New:0.

LOCATION-OTHER
Gold:13,
New:0.

AGE
Gold:764,
New:696,
Agree:667.
Precision: 0.958333
Recall: 0.873037
F: 0.913699

DATE
Gold:4980,
New:4934,
Agree:4831.
Precision: 0.979124
Recall: 0.970080
F: 0.974581

PHONE
Gold:215,
New:213,
Agree:202.
Precision: 0.948357
Recall: 0.939535
F: 0.943925

FAX
Gold:2,
New:0.

EMAIL
Gold:1,
New:0.

URL
Gold:0,
New:0.

IPADDR
Gold:0,
New:0.

SSN
Gold:0,
New:0.

MEDICALRECORD
Gold:422,
New:422,
Agree:411.
Precision: 0.973934
Recall: 0.973934
F: 0.973934

HEALTHPLAN
Gold:0,
New:0.

ACCOUNT
Gold:0,
New:0.

LICENSE
Gold:0,
New:0.

VEHICLE
Gold:0,
New:0.

DEVICE
Gold:8,
New:0.

BIOID
Gold:0,
New:0.

IDNUM
Gold:195,
New:175,
Agree:151.
Precision: 0.862857
Recall: 0.774359
F: 0.816216

agree: 10230
G: 11462
N: 10700
Precision: 0.956075
Recall: 0.892514
F: 0.923202

finished!
